GROUP,PACKAGE,CLASS,INSTRUCTION_MISSED,INSTRUCTION_COVERED,BRANCH_MISSED,BRANCH_COVERED,LINE_MISSED,LINE_COVERED,COMPLEXITY_MISSED,COMPLEXITY_COVERED,METHOD_MISSED,METHOD_COVERED
CS410J Appointment Book Project,edu.pdx.cs410J.whitlock,AppointmentBookXmlHelper,0,6,0,0,0,2,0,1,0,1
CS410J Appointment Book Project,edu.pdx.cs410J.whitlock,Appointment,5,10,0,0,1,3,1,3,1,3
CS410J Appointment Book Project,edu.pdx.cs410J.whitlock,Project1,14,18,1,1,3,4,3,1,2,1
CS410J Appointment Book Project,edu.pdx.cs410J.whitlock,TextDumper,0,19,0,0,0,7,0,2,0,2
CS410J Appointment Book Project,edu.pdx.cs410J.whitlock,TextParser,7,29,0,2,2,8,0,3,0,2
CS410J Appointment Book Project,edu.pdx.cs410J.whitlock,AppointmentBook,10,9,0,0,2,4,2,2,2,2
